#
# There is insufficient memory for the Java Runtime Environment to continue.
# Native memory allocation (malloc) failed to allocate 32744 bytes for ChunkPool::allocate
# Possible reasons:
#   The system is out of physical RAM or swap space
#   In 32 bit mode, the process size limit was hit
# Possible solutions:
#   Reduce memory load on the system
#   Increase physical memory or swap space
#   Check if swap backing store is full
#   Use 64 bit Java on a 64 bit OS
#   Decrease Java heap size (-Xmx/-Xms)
#   Decrease number of Java threads
#   Decrease Java thread stack sizes (-Xss)
#   Set larger code cache with -XX:ReservedCodeCacheSize=
# This output file may be truncated or incomplete.
#
#  Out of Memory Error (allocation.cpp:273), pid=10688, tid=0x0000000000000cfc
#
# JRE version: OpenJDK Runtime Environment (8.0_152-b02) (build 1.8.0_152-release-1024-b02)
# Java VM: OpenJDK 64-Bit Server VM (25.152-b02 mixed mode windows-amd64 compressed oops)
# Failed to write core dump. Minidumps are not enabled by default on client versions of Windows
#

---------------  T H R E A D  ---------------

Current thread (0x00000000175a4000):  JavaThread "C2 CompilerThread1" daemon [_thread_in_native, id=3324, stack(0x0000000018e00000,0x0000000018f00000)]

Stack: [0x0000000018e00000,0x0000000018f00000]
[error occurred during error reporting (printing stack bounds), id 0xc0000005]

Native frames: (J=compiled Java code, j=interpreted, Vv=VM code, C=native code)


Current CompileTask:
C2:  16738 4280   !   4       com.sun.beans.TypeResolver::resolve (274 bytes)


---------------  P R O C E S S  ---------------

Java Threads: ( => current thread )
  0x000000001aef4000 JavaThread "File lock request listener" [_thread_in_native, id=9780, stack(0x000000001d4a0000,0x000000001d5a0000)]
  0x000000001a22d000 JavaThread "Stdin handler" [_thread_blocked, id=9228, stack(0x000000001b9e0000,0x000000001bae0000)]
  0x000000001a570000 JavaThread "Daemon worker" [_thread_in_vm, id=8692, stack(0x000000001b8e0000,0x000000001b9e0000)]
  0x000000001a56b800 JavaThread "Cancel handler" [_thread_blocked, id=6656, stack(0x000000001b7e0000,0x000000001b8e0000)]
  0x000000001a217000 JavaThread "Handler for socket connection from /127.0.0.1:54517 to /127.0.0.1:54518" [_thread_in_native, id=8348, stack(0x000000001b6e0000,0x000000001b7e0000)]
  0x000000001a216800 JavaThread "Daemon" [_thread_blocked, id=10320, stack(0x000000001b5e0000,0x000000001b6e0000)]
  0x000000001a12f800 JavaThread "Incoming local TCP Connector on port 54517" [_thread_in_native, id=3320, stack(0x0000000019e00000,0x0000000019f00000)]
  0x0000000019030800 JavaThread "Service Thread" daemon [_thread_blocked, id=11560, stack(0x0000000019400000,0x0000000019500000)]
  0x00000000175a7800 JavaThread "C1 CompilerThread2" daemon [_thread_blocked, id=8984, stack(0x0000000018f00000,0x0000000019000000)]
=>0x00000000175a4000 JavaThread "C2 CompilerThread1" daemon [_thread_in_native, id=3324, stack(0x0000000018e00000,0x0000000018f00000)]
  0x00000000175a0800 JavaThread "C2 CompilerThread0" daemon [_thread_in_native, id=728, stack(0x0000000018d00000,0x0000000018e00000)]
  0x000000001759f000 JavaThread "Attach Listener" daemon [_thread_blocked, id=3388, stack(0x0000000018c00000,0x0000000018d00000)]
  0x000000001759e000 JavaThread "Signal Dispatcher" daemon [_thread_blocked, id=11904, stack(0x0000000018b00000,0x0000000018c00000)]
  0x0000000017588800 JavaThread "Finalizer" daemon [_thread_blocked, id=2736, stack(0x0000000018800000,0x0000000018900000)]
  0x0000000004ec3800 JavaThread "Reference Handler" daemon [_thread_blocked, id=1484, stack(0x0000000018700000,0x0000000018800000)]
  0x000000000347e800 JavaThread "main" [_thread_blocked, id=1916, stack(0x0000000004cd0000,0x0000000004dd0000)]

Other Threads:
  0x0000000017566000 VMThread [stack: 0x0000000018600000,0x0000000018700000] [id=600]
  0x00000000175fd800 WatcherThread [stack: 0x0000000019500000,0x0000000019600000] [id=6604]

VM state:not at safepoint (normal execution)

VM Mutex/Monitor currently owned by a thread: None

Heap:
 PSYoungGen      total 119808K, used 86366K [0x00000000eab00000, 0x00000000f2d80000, 0x0000000100000000)
  eden space 108032K, 79% used [0x00000000eab00000,0x00000000eff57ab0,0x00000000f1480000)
  from space 11776K, 0% used [0x00000000f2200000,0x00000000f2200000,0x00000000f2d80000)
  to   space 12800K, 0% used [0x00000000f1480000,0x00000000f1480000,0x00000000f2100000)
 ParOldGen       total 64000K, used 17569K [0x00000000c0000000, 0x00000000c3e80000, 0x00000000eab00000)
  object space 64000K, 27% used [0x00000000c0000000,0x00000000c1128578,0x00000000c3e80000)
 Metaspace       used 38076K, capacity 38884K, committed 39168K, reserved 1083392K
  class space    used 4879K, capacity 5086K, committed 5120K, reserved 1048576K

Card table byte_map: [0x0000000014290000,0x00000000144a0000] byte_map_base: 0x0000000013c90000

Marking Bits: (ParMarkBitMap*) 0x0000000067684970
 Begin Bits: [0x0000000014a00000, 0x0000000015a00000)
 End Bits:   [0x0000000015a00000, 0x0000000016a00000)

Polling page: 0x0000000000bf0000

CodeCache: size=245760Kb used=15547Kb max_used=16019Kb free=230212Kb
 bounds [0x0000000004ed0000, 0x0000000005e90000, 0x0000000013ed0000]
 total_blobs=4682 nmethods=3979 adapters=615
 compilation: enabled

Compilation events (10 events):
Event: 16.597 Thread 0x00000000175a7800 4319       2       java.util.regex.Pattern$Curly::match (86 bytes)
Event: 16.598 Thread 0x00000000175a7800 nmethod 4319 0x00000000052a1cd0 code [0x00000000052a1e60, 0x00000000052a2138]
Event: 16.603 Thread 0x00000000175a7800 4320  s    3       java.io.ByteArrayOutputStream::write (66 bytes)
Event: 16.604 Thread 0x00000000175a7800 nmethod 4320 0x0000000005717c90 code [0x0000000005717e40, 0x00000000057184a8]
Event: 16.604 Thread 0x00000000175a7800 4321   !   3       java.util.concurrent.ConcurrentHashMap::transfer (832 bytes)
Event: 16.607 Thread 0x00000000175a7800 nmethod 4321 0x00000000053163d0 code [0x0000000005316740, 0x0000000005318d38]
Event: 16.637 Thread 0x00000000175a7800 4322       2       java.util.regex.Pattern$5::isSatisfiedBy (28 bytes)
Event: 16.637 Thread 0x00000000175a7800 nmethod 4322 0x00000000054c0b50 code [0x00000000054c0cc0, 0x00000000054c0e98]
Event: 16.655 Thread 0x00000000175a7800 4323       3       java.util.regex.Pattern$CharProperty::study (29 bytes)
Event: 16.655 Thread 0x00000000175a7800 nmethod 4323 0x0000000005315f50 code [0x00000000053160c0, 0x0000000005316308]

GC Heap History (10 events):
Event: 7.981 GC heap before
{Heap before GC invocations=8 (full 1):
 PSYoungGen      total 59904K, used 52922K [0x00000000eab00000, 0x00000000ef180000, 0x0000000100000000)
  eden space 49152K, 100% used [0x00000000eab00000,0x00000000edb00000,0x00000000edb00000)
  from space 10752K, 35% used [0x00000000ee580000,0x00000000ee92ea68,0x00000000ef000000)
  to   space 10752K, 0% used [0x00000000edb00000,0x00000000edb00000,0x00000000ee580000)
 ParOldGen       total 64000K, used 8293K [0x00000000c0000000, 0x00000000c3e80000, 0x00000000eab00000)
  object space 64000K, 12% used [0x00000000c0000000,0x00000000c0819550,0x00000000c3e80000)
 Metaspace       used 25454K, capacity 25936K, committed 26240K, reserved 1073152K
  class space    used 3290K, capacity 3426K, committed 3456K, reserved 1048576K
Event: 7.985 GC heap after
Heap after GC invocations=8 (full 1):
 PSYoungGen      total 59904K, used 2688K [0x00000000eab00000, 0x00000000f0f80000, 0x0000000100000000)
  eden space 49152K, 0% used [0x00000000eab00000,0x00000000eab00000,0x00000000edb00000)
  from space 10752K, 25% used [0x00000000edb00000,0x00000000edda0020,0x00000000ee580000)
  to   space 10752K, 0% used [0x00000000f0500000,0x00000000f0500000,0x00000000f0f80000)
 ParOldGen       total 64000K, used 8301K [0x00000000c0000000, 0x00000000c3e80000, 0x00000000eab00000)
  object space 64000K, 12% used [0x00000000c0000000,0x00000000c081b550,0x00000000c3e80000)
 Metaspace       used 25454K, capacity 25936K, committed 26240K, reserved 1073152K
  class space    used 3290K, capacity 3426K, committed 3456K, reserved 1048576K
}
Event: 8.732 GC heap before
{Heap before GC invocations=9 (full 1):
 PSYoungGen      total 59904K, used 51840K [0x00000000eab00000, 0x00000000f0f80000, 0x0000000100000000)
  eden space 49152K, 100% used [0x00000000eab00000,0x00000000edb00000,0x00000000edb00000)
  from space 10752K, 25% used [0x00000000edb00000,0x00000000edda0020,0x00000000ee580000)
  to   space 10752K, 0% used [0x00000000f0500000,0x00000000f0500000,0x00000000f0f80000)
 ParOldGen       total 64000K, used 8301K [0x00000000c0000000, 0x00000000c3e80000, 0x00000000eab00000)
  object space 64000K, 12% used [0x00000000c0000000,0x00000000c081b550,0x00000000c3e80000)
 Metaspace       used 27241K, capacity 27946K, committed 28032K, reserved 1073152K
  class space    used 3450K, capacity 3687K, committed 3712K, reserved 1048576K
Event: 8.738 GC heap after
Heap after GC invocations=9 (full 1):
 PSYoungGen      total 90112K, used 4544K [0x00000000eab00000, 0x00000000f0e00000, 0x0000000100000000)
  eden space 80896K, 0% used [0x00000000eab00000,0x00000000eab00000,0x00000000efa00000)
  from space 9216K, 49% used [0x00000000f0500000,0x00000000f0970180,0x00000000f0e00000)
  to   space 10240K, 0% used [0x00000000efa00000,0x00000000efa00000,0x00000000f0400000)
 ParOldGen       total 64000K, used 8309K [0x00000000c0000000, 0x00000000c3e80000, 0x00000000eab00000)
  object space 64000K, 12% used [0x00000000c0000000,0x00000000c081d550,0x00000000c3e80000)
 Metaspace       used 27241K, capacity 27946K, committed 28032K, reserved 1073152K
  class space    used 3450K, capacity 3687K, committed 3712K, reserved 1048576K
}
Event: 11.682 GC heap before
{Heap before GC invocations=10 (full 1):
 PSYoungGen      total 90112K, used 85440K [0x00000000eab00000, 0x00000000f0e00000, 0x0000000100000000)
  eden space 80896K, 100% used [0x00000000eab00000,0x00000000efa00000,0x00000000efa00000)
  from space 9216K, 49% used [0x00000000f0500000,0x00000000f0970180,0x00000000f0e00000)
  to   space 10240K, 0% used [0x00000000efa00000,0x00000000efa00000,0x00000000f0400000)
 ParOldGen       total 64000K, used 8309K [0x00000000c0000000, 0x00000000c3e80000, 0x00000000eab00000)
  object space 64000K, 12% used [0x00000000c0000000,0x00000000c081d550,0x00000000c3e80000)
 Metaspace       used 31630K, capacity 32422K, committed 32768K, reserved 1077248K
  class space    used 4060K, capacity 4304K, committed 4352K, reserved 1048576K
Event: 11.691 GC heap after
Heap after GC invocations=10 (full 1):
 PSYoungGen      total 91136K, used 10005K [0x00000000eab00000, 0x00000000f2d80000, 0x0000000100000000)
  eden space 80896K, 0% used [0x00000000eab00000,0x00000000eab00000,0x00000000efa00000)
  from space 10240K, 97% used [0x00000000efa00000,0x00000000f03c54a0,0x00000000f0400000)
  to   space 11776K, 0% used [0x00000000f2200000,0x00000000f2200000,0x00000000f2d80000)
 ParOldGen       total 64000K, used 8381K [0x00000000c0000000, 0x00000000c3e80000, 0x00000000eab00000)
  object space 64000K, 13% used [0x00000000c0000000,0x00000000c082f560,0x00000000c3e80000)
 Metaspace       used 31630K, capacity 32422K, committed 32768K, reserved 1077248K
  class space    used 4060K, capacity 4304K, committed 4352K, reserved 1048576K
}
Event: 15.334 GC heap before
{Heap before GC invocations=11 (full 1):
 PSYoungGen      total 91136K, used 77947K [0x00000000eab00000, 0x00000000f2d80000, 0x0000000100000000)
  eden space 80896K, 83% used [0x00000000eab00000,0x00000000eed59b50,0x00000000efa00000)
  from space 10240K, 97% used [0x00000000efa00000,0x00000000f03c54a0,0x00000000f0400000)
  to   space 11776K, 0% used [0x00000000f2200000,0x00000000f2200000,0x00000000f2d80000)
 ParOldGen       total 64000K, used 8381K [0x00000000c0000000, 0x00000000c3e80000, 0x00000000eab00000)
  object space 64000K, 13% used [0x00000000c0000000,0x00000000c082f560,0x00000000c3e80000)
 Metaspace       used 34572K, capacity 35362K, committed 35456K, reserved 1079296K
  class space    used 4443K, capacity 4688K, committed 4736K, reserved 1048576K
Event: 15.344 GC heap after
Heap after GC invocations=11 (full 1):
 PSYoungGen      total 119808K, used 10224K [0x00000000eab00000, 0x00000000f2d80000, 0x0000000100000000)
  eden space 108032K, 0% used [0x00000000eab00000,0x00000000eab00000,0x00000000f1480000)
  from space 11776K, 86% used [0x00000000f2200000,0x00000000f2bfc020,0x00000000f2d80000)
  to   space 12800K, 0% used [0x00000000f1480000,0x00000000f1480000,0x00000000f2100000)
 ParOldGen       total 64000K, used 9869K [0x00000000c0000000, 0x00000000c3e80000, 0x00000000eab00000)
  object space 64000K, 15% used [0x00000000c0000000,0x00000000c09a35b0,0x00000000c3e80000)
 Metaspace       used 34572K, capacity 35362K, committed 35456K, reserved 1079296K
  class space    used 4443K, capacity 4688K, committed 4736K, reserved 1048576K
}
Event: 15.344 GC heap before
{Heap before GC invocations=12 (full 2):
 PSYoungGen      total 119808K, used 10224K [0x00000000eab00000, 0x00000000f2d80000, 0x0000000100000000)
  eden space 108032K, 0% used [0x00000000eab00000,0x00000000eab00000,0x00000000f1480000)
  from space 11776K, 86% used [0x00000000f2200000,0x00000000f2bfc020,0x00000000f2d80000)
  to   space 12800K, 0% used [0x00000000f1480000,0x00000000f1480000,0x00000000f2100000)
 ParOldGen       total 64000K, used 9869K [0x00000000c0000000, 0x00000000c3e80000, 0x00000000eab00000)
  object space 64000K, 15% used [0x00000000c0000000,0x00000000c09a35b0,0x00000000c3e80000)
 Metaspace       used 34572K, capacity 35362K, committed 35456K, reserved 1079296K
  class space    used 4443K, capacity 4688K, committed 4736K, reserved 1048576K
Event: 15.425 GC heap after
Heap after GC invocations=12 (full 2):
 PSYoungGen      total 119808K, used 0K [0x00000000eab00000, 0x00000000f2d80000, 0x0000000100000000)
  eden space 108032K, 0% used [0x00000000eab00000,0x00000000eab00000,0x00000000f1480000)
  from space 11776K, 0% used [0x00000000f2200000,0x00000000f2200000,0x00000000f2d80000)
  to   space 12800K, 0% used [0x00000000f1480000,0x00000000f1480000,0x00000000f2100000)
 ParOldGen       total 64000K, used 17569K [0x00000000c0000000, 0x00000000c3e80000, 0x00000000eab00000)
  object space 64000K, 27% used [0x00000000c0000000,0x00000000c1128578,0x00000000c3e80000)
 Metaspace       used 34464K, capacity 35100K, committed 35456K, reserved 1079296K
  class space    used 4411K, capacity 4622K, committed 4736K, reserved 1048576K
}

Deoptimization events (10 events):
Event: 16.020 Thread 0x000000001a570000 Uncommon trap: reason=unstable_if action=reinterpret pc=0x00000000054c0590 method=java.util.HashMap.putVal(ILjava/lang/Object;Ljava/lang/Object;ZZ)Ljava/lang/Object; @ 236
Event: 16.031 Thread 0x000000001a570000 Uncommon trap: reason=unstable_if action=reinterpret pc=0x00000000054bcfbc method=java.lang.CharacterDataLatin1.isWhitespace(I)Z @ 14
Event: 16.097 Thread 0x000000001a570000 Uncommon trap: reason=unstable_if action=reinterpret pc=0x00000000057069ec method=java.security.CodeSource.getCertificates()[Ljava/security/cert/Certificate; @ 22
Event: 16.123 Thread 0x000000001a570000 Uncommon trap: reason=unstable_if action=reinterpret pc=0x0000000005b05f88 method=java.util.LinkedHashMap.get(Ljava/lang/Object;)Ljava/lang/Object; @ 20
Event: 16.293 Thread 0x000000001a570000 Uncommon trap: reason=bimorphic action=maybe_recompile pc=0x0000000005094db4 method=java.util.regex.Pattern$Curly.match(Ljava/util/regex/Matcher;ILjava/lang/CharSequence;)Z @ 19
Event: 16.337 Thread 0x000000001a570000 Uncommon trap: reason=class_check action=maybe_recompile pc=0x00000000050c7ed0 method=org.codehaus.groovy.runtime.metaclass.MetaMethodIndex.addMethodToList(Ljava/lang/Object;Lgroovy/lang/MetaMethod;)Ljava/lang/Object; @ 218
Event: 16.594 Thread 0x000000001a570000 Uncommon trap: reason=bimorphic action=maybe_recompile pc=0x00000000057160d8 method=java.util.regex.Pattern$5.isSatisfiedBy(I)Z @ 16
Event: 16.594 Thread 0x000000001a570000 Uncommon trap: reason=bimorphic action=maybe_recompile pc=0x00000000057160d8 method=java.util.regex.Pattern$5.isSatisfiedBy(I)Z @ 16
Event: 16.594 Thread 0x000000001a570000 Uncommon trap: reason=bimorphic action=maybe_recompile pc=0x00000000057160d8 method=java.util.regex.Pattern$5.isSatisfiedBy(I)Z @ 16
Event: 16.594 Thread 0x000000001a570000 Uncommon trap: reason=bimorphic action=maybe_recompile pc=0x00000000057160d8 method=java.util.regex.Pattern$5.isSatisfiedBy(I)Z @ 16

Classes redefined (0 events):
No events

Internal exceptions (10 events):
Event: 16.534 Thread 0x000000001a570000 Exception <a 'java/lang/ClassNotFoundException': org/gradle/api/internal/file/FileTreeInternalBeanInfo> (0x00000000ef907318) thrown at [D:\src\AOSP-openjdk-cygwin\jdk8u\hotspot\src\share\vm\classfile\systemDictionary.cpp, line 210]
Event: 16.536 Thread 0x000000001a570000 Exception <a 'java/lang/ClassNotFoundException': org/gradle/api/internal/file/FileTreeInternalCustomizer> (0x00000000ef92c938) thrown at [D:\src\AOSP-openjdk-cygwin\jdk8u\hotspot\src\share\vm\classfile\systemDictionary.cpp, line 210]
Event: 16.537 Thread 0x000000001a570000 Exception <a 'java/lang/ClassNotFoundException': org/gradle/api/file/FileTreeBeanInfo> (0x00000000ef959410) thrown at [D:\src\AOSP-openjdk-cygwin\jdk8u\hotspot\src\share\vm\classfile\systemDictionary.cpp, line 210]
Event: 16.538 Thread 0x000000001a570000 Exception <a 'java/lang/ClassNotFoundException': org/gradle/api/file/FileTreeCustomizer> (0x00000000ef977560) thrown at [D:\src\AOSP-openjdk-cygwin\jdk8u\hotspot\src\share\vm\classfile\systemDictionary.cpp, line 210]
Event: 16.539 Thread 0x000000001a570000 Exception <a 'java/lang/ClassNotFoundException': org/gradle/api/file/ConfigurableFileTreeBeanInfo> (0x00000000ef9ad6b8) thrown at [D:\src\AOSP-openjdk-cygwin\jdk8u\hotspot\src\share\vm\classfile\systemDictionary.cpp, line 210]
Event: 16.540 Thread 0x000000001a570000 Exception <a 'java/lang/ClassNotFoundException': org/gradle/api/file/ConfigurableFileTreeCustomizer> (0x00000000ef9d0048) thrown at [D:\src\AOSP-openjdk-cygwin\jdk8u\hotspot\src\share\vm\classfile\systemDictionary.cpp, line 210]
Event: 16.541 Thread 0x000000001a570000 Exception <a 'java/lang/ClassNotFoundException': org/gradle/api/file/DirectoryTreeBeanInfo> (0x00000000efa02600) thrown at [D:\src\AOSP-openjdk-cygwin\jdk8u\hotspot\src\share\vm\classfile\systemDictionary.cpp, line 210]
Event: 16.542 Thread 0x000000001a570000 Exception <a 'java/lang/ClassNotFoundException': org/gradle/api/file/DirectoryTreeCustomizer> (0x00000000efa233b8) thrown at [D:\src\AOSP-openjdk-cygwin\jdk8u\hotspot\src\share\vm\classfile\systemDictionary.cpp, line 210]
Event: 16.543 Thread 0x000000001a570000 Exception <a 'java/lang/ClassNotFoundException': org/gradle/api/tasks/util/PatternFilterableBeanInfo> (0x00000000efa560a8) thrown at [D:\src\AOSP-openjdk-cygwin\jdk8u\hotspot\src\share\vm\classfile\systemDictionary.cpp, line 210]
Event: 16.544 Thread 0x000000001a570000 Exception <a 'java/lang/ClassNotFoundException': org/gradle/api/tasks/util/PatternFilterableCustomizer> (0x00000000efa7ade0) thrown at [D:\src\AOSP-openjdk-cygwin\jdk8u\hotspot\src\share\vm\classfile\systemDictionary.cpp, line 210]

Events (10 events):
Event: 16.691 loading class com/android/sdklib/repositoryv2/sources/generated/v4/ObjectFactory
Event: 16.691 loading class com/android/sdklib/repositoryv2/sources/generated/v4/ObjectFactory done
Event: 16.691 loading class com/google/common/collect/ImmutableMapValues
Event: 16.691 loading class com/google/common/collect/ImmutableMapValues done
Event: 16.692 loading class com/google/common/collect/RegularImmutableMap
Event: 16.692 loading class com/google/common/collect/RegularImmutableMap done
Event: 16.700 loading class com/google/common/collect/ImmutableBiMap
Event: 16.700 loading class com/google/common/collect/ImmutableBiMap done
Event: 16.702 loading class com/google/common/collect/ImmutableMapKeySet
Event: 16.702 loading class com/google/common/collect/ImmutableMapKeySet done


Dynamic libraries:
0x00007ff6bdd30000 - 0x00007ff6bdd61000 	C:\Program Files\Android\Android Studio\jre\bin\java.exe
0x00007fff317e0000 - 0x00007fff319c0000 	C:\WINDOWS\SYSTEM32\ntdll.dll
0x00007fff315a0000 - 0x00007fff3164e000 	C:\WINDOWS\System32\KERNEL32.DLL
0x00007fff2e4d0000 - 0x00007fff2e736000 	C:\WINDOWS\System32\KERNELBASE.dll
0x00007fff30f90000 - 0x00007fff31031000 	C:\WINDOWS\System32\ADVAPI32.dll
0x00007fff314f0000 - 0x00007fff3158d000 	C:\WINDOWS\System32\msvcrt.dll
0x00007fff31040000 - 0x00007fff3109b000 	C:\WINDOWS\System32\sechost.dll
0x00007fff31650000 - 0x00007fff3176f000 	C:\WINDOWS\System32\RPCRT4.dll
0x00007fff30c90000 - 0x00007fff30e1f000 	C:\WINDOWS\System32\USER32.dll
0x00007fff2ec40000 - 0x00007fff2ec60000 	C:\WINDOWS\System32\win32u.dll
0x00007fff31780000 - 0x00007fff317a8000 	C:\WINDOWS\System32\GDI32.dll
0x00007fff2dbe0000 - 0x00007fff2dd73000 	C:\WINDOWS\System32\gdi32full.dll
0x00007fff2ea20000 - 0x00007fff2eabb000 	C:\WINDOWS\System32\msvcp_win.dll
0x00007fff2eb40000 - 0x00007fff2ec36000 	C:\WINDOWS\System32\ucrtbase.dll
0x00007fff20400000 - 0x00007fff20669000 	C:\WINDOWS\WinSxS\amd64_microsoft.windows.common-controls_6595b64144ccf1df_6.0.16299.125_none_15cbcf8893620c09\COMCTL32.dll
0x00007fff31170000 - 0x00007fff31478000 	C:\WINDOWS\System32\combase.dll
0x00007fff2eac0000 - 0x00007fff2eb32000 	C:\WINDOWS\System32\bcryptPrimitives.dll
0x00007fff310a0000 - 0x00007fff310cd000 	C:\WINDOWS\System32\IMM32.DLL
0x0000000066de0000 - 0x0000000066eb2000 	C:\Program Files\Android\Android Studio\jre\jre\bin\msvcr100.dll
0x0000000066ec0000 - 0x00000000676ff000 	C:\Program Files\Android\Android Studio\jre\jre\bin\server\jvm.dll
0x00007fff31590000 - 0x00007fff31598000 	C:\WINDOWS\System32\PSAPI.DLL
0x00007fff24fc0000 - 0x00007fff24fca000 	C:\WINDOWS\SYSTEM32\VERSION.dll
0x00007fff2bf00000 - 0x00007fff2bf23000 	C:\WINDOWS\SYSTEM32\WINMM.dll
0x00007fff23fe0000 - 0x00007fff23fe9000 	C:\WINDOWS\SYSTEM32\WSOCK32.dll
0x00007fff2f160000 - 0x00007fff2f1cc000 	C:\WINDOWS\System32\WS2_32.dll
0x00007fff2bea0000 - 0x00007fff2beca000 	C:\WINDOWS\SYSTEM32\WINMMBASE.dll
0x00007fff2ec60000 - 0x00007fff2ecaa000 	C:\WINDOWS\System32\cfgmgr32.dll
0x00007fff19fe0000 - 0x00007fff19fef000 	C:\Program Files\Android\Android Studio\jre\jre\bin\verify.dll
0x00007fff199c0000 - 0x00007fff199e9000 	C:\Program Files\Android\Android Studio\jre\jre\bin\java.dll
0x00007fff17700000 - 0x00007fff17716000 	C:\Program Files\Android\Android Studio\jre\jre\bin\zip.dll
0x00007fff2f380000 - 0x00007fff307b6000 	C:\WINDOWS\System32\SHELL32.dll
0x00007fff2eeb0000 - 0x00007fff2ef56000 	C:\WINDOWS\System32\shcore.dll
0x00007fff2dd80000 - 0x00007fff2e4c7000 	C:\WINDOWS\System32\windows.storage.dll
0x00007fff2f100000 - 0x00007fff2f151000 	C:\WINDOWS\System32\shlwapi.dll
0x00007fff2dba0000 - 0x00007fff2dbb1000 	C:\WINDOWS\System32\kernel.appcore.dll
0x00007fff2db50000 - 0x00007fff2db9c000 	C:\WINDOWS\System32\powrprof.dll
0x00007fff2db30000 - 0x00007fff2db4b000 	C:\WINDOWS\System32\profapi.dll
0x00007fff17300000 - 0x00007fff1731a000 	C:\Program Files\Android\Android Studio\jre\jre\bin\net.dll
0x00007fff2d360000 - 0x00007fff2d3c6000 	C:\WINDOWS\system32\mswsock.dll
0x00007fff17230000 - 0x00007fff17241000 	C:\Program Files\Android\Android Studio\jre\jre\bin\nio.dll
0x00007fff20950000 - 0x00007fff20962000 	C:\Users\julia.gorelikova\.gradle\native\19\windows-amd64\native-platform.dll
0x00007fff2d0f0000 - 0x00007fff2d129000 	C:\WINDOWS\SYSTEM32\IPHLPAPI.DLL
0x00007fff31770000 - 0x00007fff31778000 	C:\WINDOWS\System32\NSI.dll
0x00007fff28af0000 - 0x00007fff28b06000 	C:\WINDOWS\SYSTEM32\dhcpcsvc6.DLL
0x00007fff28990000 - 0x00007fff289aa000 	C:\WINDOWS\SYSTEM32\dhcpcsvc.DLL
0x00007fff2d530000 - 0x00007fff2d547000 	C:\WINDOWS\SYSTEM32\CRYPTSP.dll
0x00007fff2cf70000 - 0x00007fff2cfa3000 	C:\WINDOWS\system32\rsaenh.dll
0x00007fff2d630000 - 0x00007fff2d655000 	C:\WINDOWS\SYSTEM32\bcrypt.dll
0x00007fff2da60000 - 0x00007fff2da89000 	C:\WINDOWS\SYSTEM32\USERENV.dll
0x00007fff2d520000 - 0x00007fff2d52b000 	C:\WINDOWS\SYSTEM32\CRYPTBASE.dll
0x00007fff19df0000 - 0x00007fff19dfd000 	C:\Program Files\Android\Android Studio\jre\jre\bin\management.dll

VM Arguments:
jvm_args: -XX:MaxPermSize=256m -XX:+HeapDumpOnOutOfMemoryError -Xmx1024m -Dfile.encoding=windows-1251 -Duser.country=RU -Duser.language=ru -Duser.variant 
java_command: org.gradle.launcher.daemon.bootstrap.GradleDaemon 2.10
java_class_path (initial): C:\Users\julia.gorelikova\.gradle\wrapper\dists\gradle-2.10-all\a4w5fzrkeut1ox71xslb49gst\gradle-2.10\lib\gradle-launcher-2.10.jar
Launcher Type: SUN_STANDARD

Environment Variables:
JAVA_HOME=C:\Program Files\Java\jdk1.8.0_144\
CLASSPATH=C:\Program Files (x86)\IBM\WebSphere MQ\Java\lib\com.ibm.mqjms.jar;C:\Program Files (x86)\IBM\WebSphere MQ\Java\lib\com.ibm.mq.jar
PATH=C:\Program Files (x86)\Common Files\Oracle\Java\javapath;C:\Program Files (x86)\IBM\WebSphere MQ\Java\lib;C:\Program Files (x86)\IBM\WebSphere MQ\Java\lib64;C:\ProgramData\Oracle\Java\javapath;C:\WINDOWS\system32;C:\WINDOWS;C:\WINDOWS\System32\Wbem;C:\WINDOWS\System32\WindowsPowerShell\v1.0\;C:\Program Files\Java\jdk1.8.0_144\bin;C:\Program Files (x86)\IBM\WebSphere MQ\bin64;C:\Program Files (x86)\IBM\WebSphere MQ\bin;C:\Program Files (x86)\IBM\WebSphere MQ\tools\c\samples\bin;C:\Program Files\Git\cmd;C:\Users\julia.gorelikova\AppData\Local\Microsoft\WindowsApps;C:\Program Files\maven\\bin;;C:\Users\julia.gorelikova\AppData\Local\Programs\EmEditor
USERNAME=julia.gorelikova
OS=Windows_NT
PROCESSOR_IDENTIFIER=Intel64 Family 6 Model 60 Stepping 3, GenuineIntel



---------------  S Y S T E M  ---------------

OS: Windows 10.0 , 64 bit Build 16299 (10.0.16299.15)

CPU:total 4 (initial active 4) (2 cores per cpu, 2 threads per core) family 6 model 60 stepping 3, cmov, cx8, fxsr, mmx, sse, sse2, sse3, ssse3, sse4.1, sse4.2, popcnt, avx, avx2, aes, clmul, erms, lzcnt, ht, tsc, tscinvbit, bmi1, bmi2

Memory: 4k page, physical 8263700k(2133844k free), swap 11114516k(5068k free)

vm_info: OpenJDK 64-Bit Server VM (25.152-b02) for windows-amd64 JRE (1.8.0_152-release-1024-b02), built by "builder" with MS VC++ 10.0 (VS2010)

time: Thu Jul 19 15:45:04 2018
elapsed time: 16 seconds (0d 0h 0m 16s)

