#
# There is insufficient memory for the Java Runtime Environment to continue.
# Native memory allocation (malloc) failed to allocate 1081296 bytes for Chunk::new
# Possible reasons:
#   The system is out of physical RAM or swap space
#   In 32 bit mode, the process size limit was hit
# Possible solutions:
#   Reduce memory load on the system
#   Increase physical memory or swap space
#   Check if swap backing store is full
#   Use 64 bit Java on a 64 bit OS
#   Decrease Java heap size (-Xmx/-Xms)
#   Decrease number of Java threads
#   Decrease Java thread stack sizes (-Xss)
#   Set larger code cache with -XX:ReservedCodeCacheSize=
# This output file may be truncated or incomplete.
#
#  Out of Memory Error (allocation.cpp:390), pid=1064, tid=0x0000000000000ed0
#
# JRE version: OpenJDK Runtime Environment (8.0_152-b02) (build 1.8.0_152-release-1024-b02)
# Java VM: OpenJDK 64-Bit Server VM (25.152-b02 mixed mode windows-amd64 compressed oops)
# Failed to write core dump. Minidumps are not enabled by default on client versions of Windows
#

---------------  T H R E A D  ---------------

Current thread (0x0000000016e10800):  JavaThread "C2 CompilerThread0" daemon [_thread_in_native, id=3792, stack(0x0000000018560000,0x0000000018660000)]

Stack: [0x0000000018560000,0x0000000018660000]
[error occurred during error reporting (printing stack bounds), id 0xc0000005]

Native frames: (J=compiled Java code, j=interpreted, Vv=VM code, C=native code)


Current CompileTask:
C2:   1983 1509   !   4       java.net.URLClassLoader$1::run (63 bytes)


---------------  P R O C E S S  ---------------

Java Threads: ( => current thread )
  0x000000001a248000 JavaThread "File lock request listener" [_thread_in_native, id=5268, stack(0x000000001c530000,0x000000001c630000)]
  0x0000000019c9c800 JavaThread "Stdin handler" [_thread_blocked, id=11136, stack(0x000000001b260000,0x000000001b360000)]
  0x0000000019b0b800 JavaThread "Daemon worker" [_thread_in_Java, id=4880, stack(0x000000001b160000,0x000000001b260000)]
  0x0000000019c04800 JavaThread "Cancel handler" [_thread_blocked, id=7740, stack(0x000000001b060000,0x000000001b160000)]
  0x0000000019bf5800 JavaThread "Handler for socket connection from /127.0.0.1:54550 to /127.0.0.1:54551" [_thread_in_native, id=10864, stack(0x000000001af60000,0x000000001b060000)]
  0x0000000019bf2800 JavaThread "Daemon" [_thread_blocked, id=8300, stack(0x000000001ae60000,0x000000001af60000)]
  0x0000000019b98000 JavaThread "Incoming local TCP Connector on port 54550" [_thread_in_native, id=11704, stack(0x000000001aa20000,0x000000001ab20000)]
  0x0000000018888800 JavaThread "Service Thread" daemon [_thread_blocked, id=11524, stack(0x0000000018c60000,0x0000000018d60000)]
  0x0000000016e18000 JavaThread "C1 CompilerThread2" daemon [_thread_blocked, id=8960, stack(0x0000000018760000,0x0000000018860000)]
  0x0000000016e14800 JavaThread "C2 CompilerThread1" daemon [_thread_in_native, id=5576, stack(0x0000000018660000,0x0000000018760000)]
=>0x0000000016e10800 JavaThread "C2 CompilerThread0" daemon [_thread_in_native, id=3792, stack(0x0000000018560000,0x0000000018660000)]
  0x0000000016e0f000 JavaThread "Attach Listener" daemon [_thread_blocked, id=10480, stack(0x0000000018460000,0x0000000018560000)]
  0x0000000016e0e800 JavaThread "Signal Dispatcher" daemon [_thread_blocked, id=7396, stack(0x0000000018360000,0x0000000018460000)]
  0x0000000016dfe000 JavaThread "Finalizer" daemon [_thread_blocked, id=7672, stack(0x0000000018060000,0x0000000018160000)]
  0x0000000004732800 JavaThread "Reference Handler" daemon [_thread_blocked, id=10976, stack(0x0000000017f60000,0x0000000018060000)]
  0x000000000449e800 JavaThread "main" [_thread_blocked, id=5228, stack(0x0000000004540000,0x0000000004640000)]

Other Threads:
  0x0000000016dd5800 VMThread [stack: 0x0000000017e60000,0x0000000017f60000] [id=8856]
  0x0000000016e6d800 WatcherThread [stack: 0x0000000018d60000,0x0000000018e60000] [id=9100]

VM state:not at safepoint (normal execution)

VM Mutex/Monitor currently owned by a thread: None

Heap:
 PSYoungGen      total 38400K, used 5990K [0x00000000eab00000, 0x00000000ef600000, 0x0000000100000000)
  eden space 33280K, 2% used [0x00000000eab00000,0x00000000eabe1b50,0x00000000ecb80000)
  from space 5120K, 99% used [0x00000000ecb80000,0x00000000ed078020,0x00000000ed080000)
  to   space 5120K, 0% used [0x00000000ef100000,0x00000000ef100000,0x00000000ef600000)
 ParOldGen       total 87552K, used 5378K [0x00000000c0000000, 0x00000000c5580000, 0x00000000eab00000)
  object space 87552K, 6% used [0x00000000c0000000,0x00000000c0540990,0x00000000c5580000)
 Metaspace       used 18346K, capacity 18762K, committed 19072K, reserved 1064960K
  class space    used 2456K, capacity 2577K, committed 2688K, reserved 1048576K

Card table byte_map: [0x0000000013b00000,0x0000000013d10000] byte_map_base: 0x0000000013500000

Marking Bits: (ParMarkBitMap*) 0x0000000067684970
 Begin Bits: [0x0000000014270000, 0x0000000015270000)
 End Bits:   [0x0000000015270000, 0x0000000016270000)

Polling page: 0x00000000044a0000

CodeCache: size=245760Kb used=5393Kb max_used=5393Kb free=240366Kb
 bounds [0x0000000004740000, 0x0000000004c90000, 0x0000000013740000]
 total_blobs=1954 nmethods=1572 adapters=295
 compilation: enabled

Compilation events (10 events):
Event: 1.975 Thread 0x0000000016e18000 1575   !   3       groovy.lang.MetaClassImpl::getPropName (81 bytes)
Event: 1.975 Thread 0x0000000016e18000 nmethod 1575 0x0000000004c83f50 code [0x0000000004c84180, 0x0000000004c84f18]
Event: 1.975 Thread 0x0000000016e18000 1576       3       groovy.lang.MetaClassImpl::createMetaBeanProperty (37 bytes)
Event: 1.976 Thread 0x0000000016e18000 nmethod 1576 0x0000000004c85490 code [0x0000000004c85620, 0x0000000004c85b88]
Event: 1.976 Thread 0x0000000016e18000 1577       1       org.codehaus.groovy.reflection.GeneratedMetaMethod::getReturnType (5 bytes)
Event: 1.976 Thread 0x0000000016e18000 nmethod 1577 0x0000000004c85d90 code [0x0000000004c85ee0, 0x0000000004c85ff0]
Event: 1.978 Thread 0x0000000016e18000 1578       1       java.lang.reflect.Method::getMethodAccessor (5 bytes)
Event: 1.978 Thread 0x0000000016e18000 nmethod 1578 0x0000000004c86050 code [0x0000000004c861a0, 0x0000000004c862b0]
Event: 1.978 Thread 0x0000000016e18000 1579       3       java.lang.reflect.Method::setMethodAccessor (21 bytes)
Event: 1.978 Thread 0x0000000016e18000 nmethod 1579 0x0000000004c86310 code [0x0000000004c86480, 0x0000000004c86828]

GC Heap History (6 events):
Event: 0.488 GC heap before
{Heap before GC invocations=1 (full 0):
 PSYoungGen      total 38400K, used 33280K [0x00000000eab00000, 0x00000000ed580000, 0x0000000100000000)
  eden space 33280K, 100% used [0x00000000eab00000,0x00000000ecb80000,0x00000000ecb80000)
  from space 5120K, 0% used [0x00000000ed080000,0x00000000ed080000,0x00000000ed580000)
  to   space 5120K, 0% used [0x00000000ecb80000,0x00000000ecb80000,0x00000000ed080000)
 ParOldGen       total 87552K, used 0K [0x00000000c0000000, 0x00000000c5580000, 0x00000000eab00000)
  object space 87552K, 0% used [0x00000000c0000000,0x00000000c0000000,0x00000000c5580000)
 Metaspace       used 6083K, capacity 6282K, committed 6528K, reserved 1056768K
  class space    used 768K, capacity 834K, committed 896K, reserved 1048576K
Event: 0.493 GC heap after
Heap after GC invocations=1 (full 0):
 PSYoungGen      total 38400K, used 3883K [0x00000000eab00000, 0x00000000ed580000, 0x0000000100000000)
  eden space 33280K, 0% used [0x00000000eab00000,0x00000000eab00000,0x00000000ecb80000)
  from space 5120K, 75% used [0x00000000ecb80000,0x00000000ecf4ac30,0x00000000ed080000)
  to   space 5120K, 0% used [0x00000000ed080000,0x00000000ed080000,0x00000000ed580000)
 ParOldGen       total 87552K, used 16K [0x00000000c0000000, 0x00000000c5580000, 0x00000000eab00000)
  object space 87552K, 0% used [0x00000000c0000000,0x00000000c0004000,0x00000000c5580000)
 Metaspace       used 6083K, capacity 6282K, committed 6528K, reserved 1056768K
  class space    used 768K, capacity 834K, committed 896K, reserved 1048576K
}
Event: 1.161 GC heap before
{Heap before GC invocations=2 (full 0):
 PSYoungGen      total 38400K, used 37163K [0x00000000eab00000, 0x00000000ed580000, 0x0000000100000000)
  eden space 33280K, 100% used [0x00000000eab00000,0x00000000ecb80000,0x00000000ecb80000)
  from space 5120K, 75% used [0x00000000ecb80000,0x00000000ecf4ac30,0x00000000ed080000)
  to   space 5120K, 0% used [0x00000000ed080000,0x00000000ed080000,0x00000000ed580000)
 ParOldGen       total 87552K, used 16K [0x00000000c0000000, 0x00000000c5580000, 0x00000000eab00000)
  object space 87552K, 0% used [0x00000000c0000000,0x00000000c0004000,0x00000000c5580000)
 Metaspace       used 12680K, capacity 13014K, committed 13184K, reserved 1060864K
  class space    used 1692K, capacity 1821K, committed 1920K, reserved 1048576K
Event: 1.173 GC heap after
Heap after GC invocations=2 (full 0):
 PSYoungGen      total 38400K, used 5104K [0x00000000eab00000, 0x00000000ef600000, 0x0000000100000000)
  eden space 33280K, 0% used [0x00000000eab00000,0x00000000eab00000,0x00000000ecb80000)
  from space 5120K, 99% used [0x00000000ed080000,0x00000000ed57c010,0x00000000ed580000)
  to   space 5120K, 0% used [0x00000000ecb80000,0x00000000ecb80000,0x00000000ed080000)
 ParOldGen       total 87552K, used 1511K [0x00000000c0000000, 0x00000000c5580000, 0x00000000eab00000)
  object space 87552K, 1% used [0x00000000c0000000,0x00000000c0179e58,0x00000000c5580000)
 Metaspace       used 12680K, capacity 13014K, committed 13184K, reserved 1060864K
  class space    used 1692K, capacity 1821K, committed 1920K, reserved 1048576K
}
Event: 1.947 GC heap before
{Heap before GC invocations=3 (full 0):
 PSYoungGen      total 38400K, used 38384K [0x00000000eab00000, 0x00000000ef600000, 0x0000000100000000)
  eden space 33280K, 100% used [0x00000000eab00000,0x00000000ecb80000,0x00000000ecb80000)
  from space 5120K, 99% used [0x00000000ed080000,0x00000000ed57c010,0x00000000ed580000)
  to   space 5120K, 0% used [0x00000000ecb80000,0x00000000ecb80000,0x00000000ed080000)
 ParOldGen       total 87552K, used 1511K [0x00000000c0000000, 0x00000000c5580000, 0x00000000eab00000)
  object space 87552K, 1% used [0x00000000c0000000,0x00000000c0179e58,0x00000000c5580000)
 Metaspace       used 18255K, capacity 18692K, committed 18816K, reserved 1064960K
  class space    used 2443K, capacity 2575K, committed 2688K, reserved 1048576K
Event: 1.962 GC heap after
Heap after GC invocations=3 (full 0):
 PSYoungGen      total 38400K, used 5088K [0x00000000eab00000, 0x00000000ef600000, 0x0000000100000000)
  eden space 33280K, 0% used [0x00000000eab00000,0x00000000eab00000,0x00000000ecb80000)
  from space 5120K, 99% used [0x00000000ecb80000,0x00000000ed078020,0x00000000ed080000)
  to   space 5120K, 0% used [0x00000000ef100000,0x00000000ef100000,0x00000000ef600000)
 ParOldGen       total 87552K, used 5378K [0x00000000c0000000, 0x00000000c5580000, 0x00000000eab00000)
  object space 87552K, 6% used [0x00000000c0000000,0x00000000c0540990,0x00000000c5580000)
 Metaspace       used 18255K, capacity 18692K, committed 18816K, reserved 1064960K
  class space    used 2443K, capacity 2575K, committed 2688K, reserved 1048576K
}

Deoptimization events (10 events):
Event: 1.791 Thread 0x0000000019b0b800 Uncommon trap: reason=bimorphic action=maybe_recompile pc=0x0000000004bbd510 method=java.lang.ClassLoader.loadClass(Ljava/lang/String;Z)Ljava/lang/Class; @ 38
Event: 1.792 Thread 0x0000000019b0b800 Uncommon trap: reason=bimorphic action=maybe_recompile pc=0x0000000004bbd510 method=java.lang.ClassLoader.loadClass(Ljava/lang/String;Z)Ljava/lang/Class; @ 38
Event: 1.793 Thread 0x0000000019b0b800 Uncommon trap: reason=bimorphic action=maybe_recompile pc=0x0000000004bbd510 method=java.lang.ClassLoader.loadClass(Ljava/lang/String;Z)Ljava/lang/Class; @ 38
Event: 1.793 Thread 0x0000000019b0b800 Uncommon trap: reason=bimorphic action=maybe_recompile pc=0x0000000004bbd510 method=java.lang.ClassLoader.loadClass(Ljava/lang/String;Z)Ljava/lang/Class; @ 38
Event: 1.886 Thread 0x0000000019b0b800 Uncommon trap: reason=unstable_if action=reinterpret pc=0x0000000004a35d48 method=java.lang.AbstractStringBuilder.append(Ljava/lang/String;)Ljava/lang/AbstractStringBuilder; @ 1
Event: 1.887 Thread 0x0000000019b0b800 Uncommon trap: reason=unstable_if action=reinterpret pc=0x00000000049927c0 method=java.lang.AbstractStringBuilder.append(Ljava/lang/String;)Ljava/lang/AbstractStringBuilder; @ 1
Event: 1.918 Thread 0x0000000019b0b800 Uncommon trap: reason=class_check action=maybe_recompile pc=0x0000000004aa9310 method=sun.misc.URLClassPath.getLoader(I)Lsun/misc/URLClassPath$Loader; @ 94
Event: 1.918 Thread 0x0000000019b0b800 Uncommon trap: reason=class_check action=maybe_recompile pc=0x0000000004afadec method=sun.misc.URLClassPath.getResource(Ljava/lang/String;Z)Lsun/misc/Resource; @ 62
Event: 1.937 Thread 0x0000000019b0b800 Uncommon trap: reason=class_check action=maybe_recompile pc=0x0000000004aa9430 method=sun.misc.URLClassPath.getLoader(I)Lsun/misc/URLClassPath$Loader; @ 239
Event: 1.969 Thread 0x0000000019b0b800 Uncommon trap: reason=class_check action=maybe_recompile pc=0x0000000004aa9430 method=sun.misc.URLClassPath.getLoader(I)Lsun/misc/URLClassPath$Loader; @ 239

Classes redefined (0 events):
No events

Internal exceptions (10 events):
Event: 1.938 Thread 0x0000000019b0b800 Exception <a 'java/lang/ClassNotFoundException': org/gradle/groovy/scripts/DefaultScriptBeanInfo> (0x00000000ecacc6c0) thrown at [D:\src\AOSP-openjdk-cygwin\jdk8u\hotspot\src\share\vm\classfile\systemDictionary.cpp, line 210]
Event: 1.938 Thread 0x0000000019b0b800 Exception <a 'java/lang/ClassNotFoundException': org/gradle/groovy/scripts/BasicScriptBeanInfo> (0x00000000ecad9d10) thrown at [D:\src\AOSP-openjdk-cygwin\jdk8u\hotspot\src\share\vm\classfile\systemDictionary.cpp, line 210]
Event: 1.938 Thread 0x0000000019b0b800 Exception <a 'java/lang/ClassNotFoundException': org/gradle/groovy/scripts/ScriptBeanInfo> (0x00000000ecae64f0) thrown at [D:\src\AOSP-openjdk-cygwin\jdk8u\hotspot\src\share\vm\classfile\systemDictionary.cpp, line 210]
Event: 1.938 Thread 0x0000000019b0b800 Exception <a 'java/lang/ClassNotFoundException': groovy/lang/ScriptBeanInfo> (0x00000000ecaf05c0) thrown at [D:\src\AOSP-openjdk-cygwin\jdk8u\hotspot\src\share\vm\classfile\systemDictionary.cpp, line 210]
Event: 1.939 Thread 0x0000000019b0b800 Exception <a 'java/lang/ClassNotFoundException': groovy/lang/ScriptCustomizer> (0x00000000ecafaff0) thrown at [D:\src\AOSP-openjdk-cygwin\jdk8u\hotspot\src\share\vm\classfile\systemDictionary.cpp, line 210]
Event: 1.939 Thread 0x0000000019b0b800 Exception <a 'java/lang/ClassNotFoundException': org/gradle/groovy/scripts/ScriptCustomizer> (0x00000000ecb11688) thrown at [D:\src\AOSP-openjdk-cygwin\jdk8u\hotspot\src\share\vm\classfile\systemDictionary.cpp, line 210]
Event: 1.941 Thread 0x0000000019b0b800 Exception <a 'java/lang/ClassNotFoundException': org/gradle/groovy/scripts/BasicScriptCustomizer> (0x00000000ecb281e0) thrown at [D:\src\AOSP-openjdk-cygwin\jdk8u\hotspot\src\share\vm\classfile\systemDictionary.cpp, line 210]
Event: 1.944 Thread 0x0000000019b0b800 Exception <a 'java/lang/ClassNotFoundException': org/gradle/groovy/scripts/DefaultScriptCustomizer> (0x00000000ecb40fb8) thrown at [D:\src\AOSP-openjdk-cygwin\jdk8u\hotspot\src\share\vm\classfile\systemDictionary.cpp, line 210]
Event: 1.947 Thread 0x0000000019b0b800 Exception <a 'java/lang/ClassNotFoundException': org/gradle/initialization/InitScriptCustomizer> (0x00000000ecb7ea60) thrown at [D:\src\AOSP-openjdk-cygwin\jdk8u\hotspot\src\share\vm\classfile\systemDictionary.cpp, line 210]
Event: 1.970 Thread 0x0000000019b0b800 Exception <a 'java/lang/ClassNotFoundException': ijinit_1ol1lzwhpwfjfm94o8xntnq2jCustomizer> (0x00000000eab10050) thrown at [D:\src\AOSP-openjdk-cygwin\jdk8u\hotspot\src\share\vm\classfile\systemDictionary.cpp, line 210]

Events (10 events):
Event: 1.981 loading class org/gradle/api/internal/resources/DefaultResourceHandler
Event: 1.981 loading class org/gradle/api/internal/resources/DefaultResourceHandler done
Event: 1.981 loading class org/gradle/api/resources/TextResourceFactory
Event: 1.981 loading class org/gradle/api/resources/TextResourceFactory done
Event: 1.981 loading class org/gradle/api/internal/resources/DefaultTextResourceFactory
Event: 1.981 loading class org/gradle/api/internal/resources/DefaultTextResourceFactory done
Event: 1.982 loading class org/gradle/api/resources/TextResource
Event: 1.982 loading class org/gradle/api/resources/TextResource done
Event: 1.982 loading class org/gradle/api/internal/file/copy/FileCopier
Event: 1.982 loading class org/gradle/api/internal/file/copy/FileCopier done


Dynamic libraries:
0x00007ff6bdd30000 - 0x00007ff6bdd61000 	C:\Program Files\Android\Android Studio\jre\bin\java.exe
0x00007fff317e0000 - 0x00007fff319c0000 	C:\WINDOWS\SYSTEM32\ntdll.dll
0x00007fff315a0000 - 0x00007fff3164e000 	C:\WINDOWS\System32\KERNEL32.DLL
0x00007fff2e4d0000 - 0x00007fff2e736000 	C:\WINDOWS\System32\KERNELBASE.dll
0x00007fff30f90000 - 0x00007fff31031000 	C:\WINDOWS\System32\ADVAPI32.dll
0x00007fff314f0000 - 0x00007fff3158d000 	C:\WINDOWS\System32\msvcrt.dll
0x00007fff31040000 - 0x00007fff3109b000 	C:\WINDOWS\System32\sechost.dll
0x00007fff31650000 - 0x00007fff3176f000 	C:\WINDOWS\System32\RPCRT4.dll
0x00007fff30c90000 - 0x00007fff30e1f000 	C:\WINDOWS\System32\USER32.dll
0x00007fff2ec40000 - 0x00007fff2ec60000 	C:\WINDOWS\System32\win32u.dll
0x00007fff31780000 - 0x00007fff317a8000 	C:\WINDOWS\System32\GDI32.dll
0x00007fff2dbe0000 - 0x00007fff2dd73000 	C:\WINDOWS\System32\gdi32full.dll
0x00007fff2ea20000 - 0x00007fff2eabb000 	C:\WINDOWS\System32\msvcp_win.dll
0x00007fff2eb40000 - 0x00007fff2ec36000 	C:\WINDOWS\System32\ucrtbase.dll
0x00007fff20400000 - 0x00007fff20669000 	C:\WINDOWS\WinSxS\amd64_microsoft.windows.common-controls_6595b64144ccf1df_6.0.16299.125_none_15cbcf8893620c09\COMCTL32.dll
0x00007fff31170000 - 0x00007fff31478000 	C:\WINDOWS\System32\combase.dll
0x00007fff2eac0000 - 0x00007fff2eb32000 	C:\WINDOWS\System32\bcryptPrimitives.dll
0x00007fff310a0000 - 0x00007fff310cd000 	C:\WINDOWS\System32\IMM32.DLL
0x0000000066de0000 - 0x0000000066eb2000 	C:\Program Files\Android\Android Studio\jre\jre\bin\msvcr100.dll
0x0000000066ec0000 - 0x00000000676ff000 	C:\Program Files\Android\Android Studio\jre\jre\bin\server\jvm.dll
0x00007fff31590000 - 0x00007fff31598000 	C:\WINDOWS\System32\PSAPI.DLL
0x00007fff2bf00000 - 0x00007fff2bf23000 	C:\WINDOWS\SYSTEM32\WINMM.dll
0x00007fff23fe0000 - 0x00007fff23fe9000 	C:\WINDOWS\SYSTEM32\WSOCK32.dll
0x00007fff24fc0000 - 0x00007fff24fca000 	C:\WINDOWS\SYSTEM32\VERSION.dll
0x00007fff2f160000 - 0x00007fff2f1cc000 	C:\WINDOWS\System32\WS2_32.dll
0x00007fff2bea0000 - 0x00007fff2beca000 	C:\WINDOWS\SYSTEM32\WINMMBASE.dll
0x00007fff2ec60000 - 0x00007fff2ecaa000 	C:\WINDOWS\System32\cfgmgr32.dll
0x00007fff19fe0000 - 0x00007fff19fef000 	C:\Program Files\Android\Android Studio\jre\jre\bin\verify.dll
0x00007fff199c0000 - 0x00007fff199e9000 	C:\Program Files\Android\Android Studio\jre\jre\bin\java.dll
0x00007fff17700000 - 0x00007fff17716000 	C:\Program Files\Android\Android Studio\jre\jre\bin\zip.dll
0x00007fff2f380000 - 0x00007fff307b6000 	C:\WINDOWS\System32\SHELL32.dll
0x00007fff2eeb0000 - 0x00007fff2ef56000 	C:\WINDOWS\System32\shcore.dll
0x00007fff2dd80000 - 0x00007fff2e4c7000 	C:\WINDOWS\System32\windows.storage.dll
0x00007fff2f100000 - 0x00007fff2f151000 	C:\WINDOWS\System32\shlwapi.dll
0x00007fff2dba0000 - 0x00007fff2dbb1000 	C:\WINDOWS\System32\kernel.appcore.dll
0x00007fff2db50000 - 0x00007fff2db9c000 	C:\WINDOWS\System32\powrprof.dll
0x00007fff2db30000 - 0x00007fff2db4b000 	C:\WINDOWS\System32\profapi.dll
0x00007fff17300000 - 0x00007fff1731a000 	C:\Program Files\Android\Android Studio\jre\jre\bin\net.dll
0x00007fff2d360000 - 0x00007fff2d3c6000 	C:\WINDOWS\system32\mswsock.dll
0x00007fff17230000 - 0x00007fff17241000 	C:\Program Files\Android\Android Studio\jre\jre\bin\nio.dll
0x00007fff20950000 - 0x00007fff20962000 	C:\Users\julia.gorelikova\.gradle\native\19\windows-amd64\native-platform.dll
0x00007fff2d0f0000 - 0x00007fff2d129000 	C:\WINDOWS\SYSTEM32\IPHLPAPI.DLL
0x00007fff31770000 - 0x00007fff31778000 	C:\WINDOWS\System32\NSI.dll
0x00007fff28af0000 - 0x00007fff28b06000 	C:\WINDOWS\SYSTEM32\dhcpcsvc6.DLL
0x00007fff28990000 - 0x00007fff289aa000 	C:\WINDOWS\SYSTEM32\dhcpcsvc.DLL
0x00007fff2d530000 - 0x00007fff2d547000 	C:\WINDOWS\SYSTEM32\CRYPTSP.dll
0x00007fff2cf70000 - 0x00007fff2cfa3000 	C:\WINDOWS\system32\rsaenh.dll
0x00007fff2d630000 - 0x00007fff2d655000 	C:\WINDOWS\SYSTEM32\bcrypt.dll
0x00007fff2da60000 - 0x00007fff2da89000 	C:\WINDOWS\SYSTEM32\USERENV.dll
0x00007fff2d520000 - 0x00007fff2d52b000 	C:\WINDOWS\SYSTEM32\CRYPTBASE.dll

VM Arguments:
jvm_args: -XX:MaxPermSize=256m -XX:+HeapDumpOnOutOfMemoryError -Xmx1024m -Dfile.encoding=windows-1251 -Duser.country=RU -Duser.language=ru -Duser.variant 
java_command: org.gradle.launcher.daemon.bootstrap.GradleDaemon 2.10
java_class_path (initial): C:\Users\julia.gorelikova\.gradle\wrapper\dists\gradle-2.10-all\a4w5fzrkeut1ox71xslb49gst\gradle-2.10\lib\gradle-launcher-2.10.jar
Launcher Type: SUN_STANDARD

Environment Variables:
JAVA_HOME=C:\Program Files\Java\jdk1.8.0_144\
CLASSPATH=C:\Program Files (x86)\IBM\WebSphere MQ\Java\lib\com.ibm.mqjms.jar;C:\Program Files (x86)\IBM\WebSphere MQ\Java\lib\com.ibm.mq.jar
PATH=C:\Program Files (x86)\Common Files\Oracle\Java\javapath;C:\Program Files (x86)\IBM\WebSphere MQ\Java\lib;C:\Program Files (x86)\IBM\WebSphere MQ\Java\lib64;C:\ProgramData\Oracle\Java\javapath;C:\WINDOWS\system32;C:\WINDOWS;C:\WINDOWS\System32\Wbem;C:\WINDOWS\System32\WindowsPowerShell\v1.0\;C:\Program Files\Java\jdk1.8.0_144\bin;C:\Program Files (x86)\IBM\WebSphere MQ\bin64;C:\Program Files (x86)\IBM\WebSphere MQ\bin;C:\Program Files (x86)\IBM\WebSphere MQ\tools\c\samples\bin;C:\Program Files\Git\cmd;C:\Users\julia.gorelikova\AppData\Local\Microsoft\WindowsApps;C:\Program Files\maven\\bin;;C:\Users\julia.gorelikova\AppData\Local\Programs\EmEditor
USERNAME=julia.gorelikova
OS=Windows_NT
PROCESSOR_IDENTIFIER=Intel64 Family 6 Model 60 Stepping 3, GenuineIntel



---------------  S Y S T E M  ---------------

OS: Windows 10.0 , 64 bit Build 16299 (10.0.16299.15)

CPU:total 4 (initial active 4) (2 cores per cpu, 2 threads per core) family 6 model 60 stepping 3, cmov, cx8, fxsr, mmx, sse, sse2, sse3, ssse3, sse4.1, sse4.2, popcnt, avx, avx2, aes, clmul, erms, lzcnt, ht, tsc, tscinvbit, bmi1, bmi2

Memory: 4k page, physical 8263700k(2299492k free), swap 11114516k(6260k free)

vm_info: OpenJDK 64-Bit Server VM (25.152-b02) for windows-amd64 JRE (1.8.0_152-release-1024-b02), built by "builder" with MS VC++ 10.0 (VS2010)

time: Thu Jul 19 15:46:11 2018
elapsed time: 1 seconds (0d 0h 0m 1s)

